enterprise/build/app/outputs/mapping/release/seeds.txt
com.agripure.agripure_mobile.MainActivity
com.agripure.agripure_mobile.MainActivity: MainActivity()
...
androidx.window.layout.FoldingFeature$Orientation: java.lang.String toString()
androidx.window.java.layout.WindowInfoTrackerCallbackAdapter: void addWindowLayoutInfoListener(android.app.Activity,java.util.concurrent.Executor,androidx.core.util.Consumer)
androidx.window.embedding.EmbeddingBackend: void registerSplitListenerForActivity(android.app.Activity,java.util.concurrent.Executor,androidx.core.util.Consumer)
androidx.window.java.layout.WindowInfoTrackerCallbackAdapter$addListener$1$1: java.lang.Object invoke(java.lang.Object,java.lang.Object)
androidx.window.embedding.SplitPairRule: androidx.window.embedding.SplitPairRule plus$window_release(androidx.window.embedding.SplitPairFilter)
androidx.window.layout.SidecarCompat: void onWindowLayoutChangeListenerAdded(android.app.Activity)
androidx.window.core.Version$bigInteger$2: Version$bigInteger$2(androidx.window.core.Version)
io.flutter.embedding.android.FlutterView$ZeroSides: io.flutter.embedding.android.FlutterView$ZeroSides[] values()
androidx.window.layout.WindowInfoTrackerImpl$Companion: WindowInfoTrackerImpl$Companion()
androidx.window.embedding.MatcherUtils: boolean areActivityOrIntentComponentsMatching$window_release(android.app.Activity,android.content.ComponentName)
androidx.window.layout.SidecarCompat: androidx.window.layout.SidecarAdapter access$getSidecarAdapter$p(androidx.window.layout.SidecarCompat)
androidx.window.embedding.SplitRuleParser: java.util.Set parseSplitXml(android.content.Context,int)
androidx.window.layout.SidecarCompat$DistinctSidecarElementCallback: void onWindowLayoutChanged(android.os.IBinder,androidx.window.sidecar.SidecarWindowLayoutInfo)
androidx.window.embedding.ExtensionEmbeddingBackend$EmbeddingCallbackImpl: void onSplitInfoChanged(java.util.List)
androidx.window.embedding.ActivityRule: ActivityRule(java.util.Set,boolean)
androidx.window.embedding.SplitPairRule: boolean equals(java.lang.Object)
io.flutter.plugin.editing.ImeSyncDeferringInsetsCallback: void install()
androidx.core.content.FileProvider: FileProvider()
androidx.window.layout.HardwareFoldingFeature: HardwareFoldingFeature(androidx.window.core.Bounds,androidx.window.layout.HardwareFoldingFeature$Type,androidx.window.layout.FoldingFeature$State)
androidx.window.layout.WindowMetricsCalculator$Companion: androidx.window.layout.WindowMetricsCalculator getOrCreate()
io.flutter.embedding.android.FlutterSplashView$SavedState: FlutterSplashView$SavedState(android.os.Parcelable)
androidx.window.layout.WindowMetricsCalculatorCompat: android.graphics.Point getRealSizeForDisplay$window_release(android.view.Display)
androidx.window.embedding.ActivityStack: boolean equals(java.lang.Object)
kotlinx.coroutines.internal.OpDescriptor: OpDescriptor()
androidx.window.layout.EmptyDecorator: EmptyDecorator()
androidx.window.embedding.EmbeddingCompat: void setSplitRules(java.util.Set)
io.flutter.embedding.engine.systemchannels.SettingsChannel$PlatformBrightness: io.flutter.embedding.engine.systemchannels.SettingsChannel$PlatformBrightness[] values()
io.flutter.embedding.engine.FlutterJNI: void onBeginFrame()
io.flutter.embedding.engine.FlutterJNI: boolean nativeGetIsSoftwareRenderingEnabled()
androidx.window.layout.HardwareFoldingFeature$Companion: HardwareFoldingFeature$Companion()
kotlin.jvm.internal.CallableReference: java.lang.String getSignature()
androidx.core.view.ViewCompat$Api19Impl: boolean isAttachedToWindow(android.view.View)
androidx.window.layout.WindowMetrics: WindowMetrics(androidx.window.core.Bounds)
androidx.concurrent.futures.AbstractResolvableFuture: AbstractResolvableFuture()
androidx.window.layout.WindowBackend: void registerLayoutChangeCallback(android.app.Activity,java.util.concurrent.Executor,androidx.core.util.Consumer)
kotlin.jvm.internal.FunctionReference: boolean isOperator()