enterprise/build/app/outputs/mapping/release/mapping.txt
# compiler: R8
# compiler_version: 3.3.70
# min_api: 16
# common_typos_disable
# {"id":"com.android.tools.r8.mapping","version":"2.0"}
# pg_map_id: e508113
# pg_map_hash: SHA-256 e508113eb2f071299ec6ca78d25c236cf0e06cadbe634f0acdded4e0aa32789f
...
androidx.concurrent.futures.AbstractResolvableFuture$1 -> androidx.concurrent.futures.a$a:
androidx.concurrent.futures.AbstractResolvableFuture$AtomicHelper -> androidx.concurrent.futures.a$b:
    boolean casListeners(androidx.concurrent.futures.AbstractResolvableFuture,androidx.concurrent.futures.AbstractResolvableFuture$Listener,androidx.concurrent.futures.AbstractResolvableFuture$Listener) -> a
    boolean casValue(androidx.concurrent.futures.AbstractResolvableFuture,java.lang.Object,java.lang.Object) -> b
    boolean casWaiters(androidx.concurrent.futures.AbstractResolvableFuture,androidx.concurrent.futures.AbstractResolvableFuture$Waiter,androidx.concurrent.futures.AbstractResolvableFuture$Waiter) -> c
    void putNext(androidx.concurrent.futures.AbstractResolvableFuture$Waiter,androidx.concurrent.futures.AbstractResolvableFuture$Waiter) -> d
    void putThread(androidx.concurrent.futures.AbstractResolvableFuture$Waiter,java.lang.Thread) -> e
androidx.concurrent.futures.AbstractResolvableFuture$Cancellation -> androidx.concurrent.futures.a$c:
    androidx.concurrent.futures.AbstractResolvableFuture$Cancellation CAUSELESS_CANCELLED -> d
    androidx.concurrent.futures.AbstractResolvableFuture$Cancellation CAUSELESS_INTERRUPTED -> c
    java.lang.Throwable cause -> b
    boolean wasInterrupted -> a
androidx.concurrent.futures.AbstractResolvableFuture$Failure -> androidx.concurrent.futures.a$d:
    androidx.concurrent.futures.AbstractResolvableFuture$Failure FALLBACK_INSTANCE -> b
    java.lang.Throwable exception -> a
androidx.concurrent.futures.AbstractResolvableFuture$Failure$1 -> androidx.concurrent.futures.a$d$a:
androidx.concurrent.futures.AbstractResolvableFuture$Listener -> androidx.concurrent.futures.a$e:
    java.util.concurrent.Executor executor -> b
    java.lang.Runnable task -> a
    androidx.concurrent.futures.AbstractResolvableFuture$Listener next -> c
    androidx.concurrent.futures.AbstractResolvableFuture$Listener TOMBSTONE -> d
androidx.concurrent.futures.AbstractResolvableFuture$SafeAtomicHelper -> androidx.concurrent.futures.a$f:
    java.util.concurrent.atomic.AtomicReferenceFieldUpdater waiterNextUpdater -> b
    java.util.concurrent.atomic.AtomicReferenceFieldUpdater waitersUpdater -> c
    java.util.concurrent.atomic.AtomicReferenceFieldUpdater waiterThreadUpdater -> a
    java.util.concurrent.atomic.AtomicReferenceFieldUpdater listenersUpdater -> d
    java.util.concurrent.atomic.AtomicReferenceFieldUpdater valueUpdater -> e
    boolean casListeners(androidx.concurrent.futures.AbstractResolvableFuture,androidx.concurrent.futures.AbstractResolvableFuture$Listener,androidx.concurrent.futures.AbstractResolvableFuture$Listener) -> a
    boolean casValue(androidx.concurrent.futures.AbstractResolvableFuture,java.lang.Object,java.lang.Object) -> b
    boolean casWaiters(androidx.concurrent.futures.AbstractResolvableFuture,androidx.concurrent.futures.AbstractResolvableFuture$Waiter,androidx.concurrent.futures.AbstractResolvableFuture$Waiter) -> c
    void putNext(androidx.concurrent.futures.AbstractResolvableFuture$Waiter,androidx.concurrent.futures.AbstractResolvableFuture$Waiter) -> d
    void putThread(androidx.concurrent.futures.AbstractResolvableFuture$Waiter,java.lang.Thread) -> e
androidx.concurrent.futures.AbstractResolvableFuture$SafeAtomicHelper$$ExternalSyntheticBackportWithForwarding0 -> androidx.concurrent.futures.b:
# {"id":"sourceFile","fileName":"R8$$SyntheticClass"}
# {"id":"com.android.tools.r8.synthesized"}
    boolean androidx.concurrent.futures.AbstractResolvableFuture$SafeAtomicHelper$$InternalSyntheticBackportWithForwarding$2$58dd097c22a157c6fc915c3ca83711e3efdab037cd14fe4274f47b3cf6d48957$0.m(java.util.concurrent.atomic.AtomicReferenceFieldUpdater,java.lang.Object,java.lang.Object,java.lang.Object) -> a
      # {"id":"com.android.tools.r8.synthesized"}